{"uuid":"1a300b89-2bf2-4546-9d21-e7e774d5d037","historyId":"9c4d6edce86364f17f8d45341b003ae8","fullName":"src/test/resources/features/ManageProgramValidation.feature:22","labels":[{"name":"host","value":"DESKTOP-8BTSRPD"},{"name":"thread","value":"36460@DESKTOP-8BTSRPD.main(1)"},{"name":"feature","value":"ManageProgramValidation"},{"name":"story","value":"Validate the footer"},{"name":"suite","value":"ManageProgramValidation"},{"name":"testClass","value":"Validate the footer"},{"name":"framework","value":"cucumber4jvm"},{"name":"language","value":"java"},{"name":"gherkin_uri","value":"file:///C:/Users/banda/git/Team7_TechTesters_selenium/LMS_seleniumPhase2/src/test/resources/features/ManageProgramValidation.feature"},{"name":"package","value":"src.test.resources.features.ManageProgramValidation_feature.ManageProgramValidation"}],"links":[],"name":"Validate the footer","status":"failed","statusDetails":{"known":false,"muted":false,"flaky":false,"message":"expected [In total there are 20 programs.] but found [In total there are 43 programs.]","trace":"java.lang.AssertionError: expected [In total there are 20 programs.] but found [In total there are 43 programs.]\r\n\tat org.testng.Assert.fail(Assert.java:111)\r\n\tat org.testng.Assert.failNotEquals(Assert.java:1578)\r\n\tat org.testng.Assert.assertEqualsImpl(Assert.java:150)\r\n\tat org.testng.Assert.assertEquals(Assert.java:132)\r\n\tat org.testng.Assert.assertEquals(Assert.java:656)\r\n\tat org.testng.Assert.assertEquals(Assert.java:666)\r\n\tat com.LMS.stepdefenition.ManageProgramValidation_SD.admin_should_see_the_footer_as(ManageProgramValidation_SD.java:57)\r\n\tat ✽.Admin should see the footer as \"In total there are z programs\".(file:///C:/Users/banda/git/Team7_TechTesters_selenium/LMS_seleniumPhase2/src/test/resources/features/ManageProgramValidation.feature:25)\r\n"},"stage":"finished","steps":[{"name":"Given  Admin is on dashboard page after Login","status":"passed","statusDetails":{"known":false,"muted":false,"flaky":false},"stage":"finished","steps":[],"attachments":[],"parameters":[],"start":1714271407729,"stop":1714271408978},{"name":"When  Admin clicks \"Program\" on the navigation bar","status":"passed","statusDetails":{"known":false,"muted":false,"flaky":false},"stage":"finished","steps":[],"attachments":[],"parameters":[],"start":1714271408978,"stop":1714271409626},{"name":"Then  Admin should see the footer as \"In total there are z programs\".","status":"failed","statusDetails":{"known":false,"muted":false,"flaky":false,"message":"expected [In total there are 20 programs.] but found [In total there are 43 programs.]","trace":"java.lang.AssertionError: expected [In total there are 20 programs.] but found [In total there are 43 programs.]\r\n\tat org.testng.Assert.fail(Assert.java:111)\r\n\tat org.testng.Assert.failNotEquals(Assert.java:1578)\r\n\tat org.testng.Assert.assertEqualsImpl(Assert.java:150)\r\n\tat org.testng.Assert.assertEquals(Assert.java:132)\r\n\tat org.testng.Assert.assertEquals(Assert.java:656)\r\n\tat org.testng.Assert.assertEquals(Assert.java:666)\r\n\tat com.LMS.stepdefenition.ManageProgramValidation_SD.admin_should_see_the_footer_as(ManageProgramValidation_SD.java:57)\r\n\tat ✽.Admin should see the footer as \"In total there are z programs\".(file:///C:/Users/banda/git/Team7_TechTesters_selenium/LMS_seleniumPhase2/src/test/resources/features/ManageProgramValidation.feature:25)\r\n"},"stage":"finished","steps":[],"attachments":[],"parameters":[],"start":1714271409631,"stop":1714271409740}],"attachments":[],"parameters":[],"start":1714271407728,"stop":1714271409748}