{"uuid":"1efab85c-a260-4165-8c5c-c15e01681864","historyId":"f4432a33b79bbe0d9d69c7f6289df53f","fullName":"src/test/resources/features/ManageProgramValidation.feature:17","labels":[{"name":"host","value":"DESKTOP-8BTSRPD"},{"name":"thread","value":"10232@DESKTOP-8BTSRPD.main(1)"},{"name":"feature","value":"ManageProgramValidation"},{"name":"story","value":"Validate the text and pagination icon below the data table"},{"name":"suite","value":"ManageProgramValidation"},{"name":"testClass","value":"Validate the text and pagination icon below the data table"},{"name":"framework","value":"cucumber4jvm"},{"name":"language","value":"java"},{"name":"gherkin_uri","value":"file:///C:/Users/banda/git/Team7_TechTesters_selenium/LMS_seleniumPhase2/src/test/resources/features/ManageProgramValidation.feature"},{"name":"package","value":"src.test.resources.features.ManageProgramValidation_feature.ManageProgramValidation"}],"links":[],"name":"Validate the text and pagination icon below the data table","status":"failed","statusDetails":{"known":false,"muted":false,"flaky":false,"message":"expected [Showing 1 to 5 of 25 entries] but found [Showing 1 to 5 of 124 entries]","trace":"java.lang.AssertionError: expected [Showing 1 to 5 of 25 entries] but found [Showing 1 to 5 of 124 entries]\r\n\tat org.testng.Assert.fail(Assert.java:111)\r\n\tat org.testng.Assert.failNotEquals(Assert.java:1578)\r\n\tat org.testng.Assert.assertEqualsImpl(Assert.java:150)\r\n\tat org.testng.Assert.assertEquals(Assert.java:132)\r\n\tat org.testng.Assert.assertEquals(Assert.java:656)\r\n\tat org.testng.Assert.assertEquals(Assert.java:666)\r\n\tat com.LMS.stepdefenition.ManageProgramValidation_SD.admin_should_see_the_text_as_along_with_pagination_icon_below_the_table(ManageProgramValidation_SD.java:52)\r\n\tat ✽.Admin should see the text as \"Showing x to y of z entries\" along with Pagination icon below the table.(file:///C:/Users/banda/git/Team7_TechTesters_selenium/LMS_seleniumPhase2/src/test/resources/features/ManageProgramValidation.feature:20)\r\n"},"stage":"finished","steps":[{"name":"Given  Admin is on dashboard page after Login","status":"passed","statusDetails":{"known":false,"muted":false,"flaky":false},"stage":"finished","steps":[],"attachments":[],"parameters":[],"start":1714629406532,"stop":1714629407477},{"name":"When  Admin clicks \"Program\" on the navigation bar","status":"passed","statusDetails":{"known":false,"muted":false,"flaky":false},"stage":"finished","steps":[],"attachments":[],"parameters":[],"start":1714629407479,"stop":1714629407834},{"name":"Then  Admin should see the text as \"Showing x to y of z entries\" along with Pagination icon below the table.","status":"failed","statusDetails":{"known":false,"muted":false,"flaky":false,"message":"expected [Showing 1 to 5 of 25 entries] but found [Showing 1 to 5 of 124 entries]","trace":"java.lang.AssertionError: expected [Showing 1 to 5 of 25 entries] but found [Showing 1 to 5 of 124 entries]\r\n\tat org.testng.Assert.fail(Assert.java:111)\r\n\tat org.testng.Assert.failNotEquals(Assert.java:1578)\r\n\tat org.testng.Assert.assertEqualsImpl(Assert.java:150)\r\n\tat org.testng.Assert.assertEquals(Assert.java:132)\r\n\tat org.testng.Assert.assertEquals(Assert.java:656)\r\n\tat org.testng.Assert.assertEquals(Assert.java:666)\r\n\tat com.LMS.stepdefenition.ManageProgramValidation_SD.admin_should_see_the_text_as_along_with_pagination_icon_below_the_table(ManageProgramValidation_SD.java:52)\r\n\tat ✽.Admin should see the text as \"Showing x to y of z entries\" along with Pagination icon below the table.(file:///C:/Users/banda/git/Team7_TechTesters_selenium/LMS_seleniumPhase2/src/test/resources/features/ManageProgramValidation.feature:20)\r\n"},"stage":"finished","steps":[],"attachments":[],"parameters":[],"start":1714629407834,"stop":1714629414921}],"attachments":[],"parameters":[],"start":1714629406532,"stop":1714629414921}