{"uuid":"8475897f-426e-4f2a-88fc-e35eeeda50d5","historyId":"109c185ca97ad1911d3db6a156b644aa","fullName":"src/test/resources/features/ManageProgramValidation.feature:64","labels":[{"name":"host","value":"DESKTOP-8BTSRPD"},{"name":"thread","value":"16536@DESKTOP-8BTSRPD.main(1)"},{"name":"feature","value":"ManageProgramValidation"},{"name":"story","value":"Verify Search bar on the Program page"},{"name":"suite","value":"ManageProgramValidation"},{"name":"testClass","value":"Verify Search bar on the Program page"},{"name":"framework","value":"cucumber4jvm"},{"name":"language","value":"java"},{"name":"gherkin_uri","value":"file:///C:/Users/banda/git/Team7_TechTesters_selenium/LMS_seleniumPhase2/src/test/resources/features/ManageProgramValidation.feature"},{"name":"package","value":"src.test.resources.features.ManageProgramValidation_feature.ManageProgramValidation"}],"links":[],"name":"Verify Search bar on the Program page","status":"failed","statusDetails":{"known":false,"muted":false,"flaky":false,"message":"expected [true] but found [false]","trace":"java.lang.AssertionError: expected [true] but found [false]\r\n\tat org.testng.Assert.fail(Assert.java:111)\r\n\tat org.testng.Assert.failNotEquals(Assert.java:1578)\r\n\tat org.testng.Assert.assertEqualsImpl(Assert.java:150)\r\n\tat org.testng.Assert.assertEquals(Assert.java:132)\r\n\tat org.testng.Assert.assertEquals(Assert.java:1067)\r\n\tat org.testng.Assert.assertEquals(Assert.java:1031)\r\n\tat org.testng.Assert.assertEquals(Assert.java:1077)\r\n\tat com.LMS.stepdefenition.ManageProgramValidation_SD.admin_should_see_search_bar_with_text_as(ManageProgramValidation_SD.java:103)\r\n\tat ✽.Admin should see Search bar with text as \"Search...\"(file:///C:/Users/banda/git/Team7_TechTesters_selenium/LMS_seleniumPhase2/src/test/resources/features/ManageProgramValidation.feature:67)\r\n"},"stage":"finished","steps":[{"name":"Given  Admin is on dashboard page after Login","status":"passed","statusDetails":{"known":false,"muted":false,"flaky":false},"stage":"finished","steps":[],"attachments":[],"parameters":[],"start":1714273043970,"stop":1714273044699},{"name":"When  Admin clicks \"Program\" on the navigation bar","status":"passed","statusDetails":{"known":false,"muted":false,"flaky":false},"stage":"finished","steps":[],"attachments":[],"parameters":[],"start":1714273044699,"stop":1714273045141},{"name":"Then  Admin should see Search bar with text as \"Search...\"","status":"failed","statusDetails":{"known":false,"muted":false,"flaky":false,"message":"expected [true] but found [false]","trace":"java.lang.AssertionError: expected [true] but found [false]\r\n\tat org.testng.Assert.fail(Assert.java:111)\r\n\tat org.testng.Assert.failNotEquals(Assert.java:1578)\r\n\tat org.testng.Assert.assertEqualsImpl(Assert.java:150)\r\n\tat org.testng.Assert.assertEquals(Assert.java:132)\r\n\tat org.testng.Assert.assertEquals(Assert.java:1067)\r\n\tat org.testng.Assert.assertEquals(Assert.java:1031)\r\n\tat org.testng.Assert.assertEquals(Assert.java:1077)\r\n\tat com.LMS.stepdefenition.ManageProgramValidation_SD.admin_should_see_search_bar_with_text_as(ManageProgramValidation_SD.java:103)\r\n\tat ✽.Admin should see Search bar with text as \"Search...\"(file:///C:/Users/banda/git/Team7_TechTesters_selenium/LMS_seleniumPhase2/src/test/resources/features/ManageProgramValidation.feature:67)\r\n"},"stage":"finished","steps":[],"attachments":[],"parameters":[],"start":1714273045143,"stop":1714273045252}],"attachments":[],"parameters":[],"start":1714273043970,"stop":1714273045261}