{"uuid":"b1acbae5-863e-4d40-ab16-225b2ab1328e","historyId":"2c7af98e8deacafce3fe18652e6ffd8a","fullName":"src/test/resources/features/ManageProgramValidation.feature:38","labels":[{"name":"host","value":"DESKTOP-8BTSRPD"},{"name":"thread","value":"40808@DESKTOP-8BTSRPD.main(1)"},{"name":"feature","value":"ManageProgramValidation"},{"name":"story","value":"Validate that number of records (rows of data in the table) displayed"},{"name":"suite","value":"ManageProgramValidation"},{"name":"testClass","value":"Validate that number of records (rows of data in the table) displayed"},{"name":"framework","value":"cucumber4jvm"},{"name":"language","value":"java"},{"name":"gherkin_uri","value":"file:///C:/Users/banda/git/Team7_TechTesters_selenium/LMS_seleniumPhase2/src/test/resources/features/ManageProgramValidation.feature"},{"name":"package","value":"src.test.resources.features.ManageProgramValidation_feature.ManageProgramValidation"}],"links":[],"name":"Validate that number of records (rows of data in the table) displayed","status":"failed","statusDetails":{"known":false,"muted":false,"flaky":false,"message":"expected [6] but found [5]","trace":"java.lang.AssertionError: expected [6] but found [5]\r\n\tat org.testng.Assert.fail(Assert.java:111)\r\n\tat org.testng.Assert.failNotEquals(Assert.java:1578)\r\n\tat org.testng.Assert.assertEqualsImpl(Assert.java:150)\r\n\tat org.testng.Assert.assertEquals(Assert.java:132)\r\n\tat org.testng.Assert.assertEquals(Assert.java:1419)\r\n\tat org.testng.Assert.assertEquals(Assert.java:1383)\r\n\tat org.testng.Assert.assertEquals(Assert.java:1429)\r\n\tat com.LMS.stepdefenition.ManageProgramValidation_SD.admin_should_see_the_number_of_records_rows_of_data_in_the_table_displayed_on_the_page_are(ManageProgramValidation_SD.java:77)\r\n\tat ✽.Admin should see the number of records (rows of data in the table) displayed on the page are 5(file:///C:/Users/banda/git/Team7_TechTesters_selenium/LMS_seleniumPhase2/src/test/resources/features/ManageProgramValidation.feature:41)\r\n"},"stage":"finished","steps":[{"name":"Given  Admin is on dashboard page after Login","status":"passed","statusDetails":{"known":false,"muted":false,"flaky":false},"stage":"finished","steps":[],"attachments":[],"parameters":[],"start":1714312454090,"stop":1714312454680},{"name":"When  Admin clicks \"Program\" on the navigation bar","status":"passed","statusDetails":{"known":false,"muted":false,"flaky":false},"stage":"finished","steps":[],"attachments":[],"parameters":[],"start":1714312454680,"stop":1714312455007},{"name":"Then  Admin should see the number of records (rows of data in the table) displayed on the page are 5","status":"failed","statusDetails":{"known":false,"muted":false,"flaky":false,"message":"expected [6] but found [5]","trace":"java.lang.AssertionError: expected [6] but found [5]\r\n\tat org.testng.Assert.fail(Assert.java:111)\r\n\tat org.testng.Assert.failNotEquals(Assert.java:1578)\r\n\tat org.testng.Assert.assertEqualsImpl(Assert.java:150)\r\n\tat org.testng.Assert.assertEquals(Assert.java:132)\r\n\tat org.testng.Assert.assertEquals(Assert.java:1419)\r\n\tat org.testng.Assert.assertEquals(Assert.java:1383)\r\n\tat org.testng.Assert.assertEquals(Assert.java:1429)\r\n\tat com.LMS.stepdefenition.ManageProgramValidation_SD.admin_should_see_the_number_of_records_rows_of_data_in_the_table_displayed_on_the_page_are(ManageProgramValidation_SD.java:77)\r\n\tat ✽.Admin should see the number of records (rows of data in the table) displayed on the page are 5(file:///C:/Users/banda/git/Team7_TechTesters_selenium/LMS_seleniumPhase2/src/test/resources/features/ManageProgramValidation.feature:41)\r\n"},"stage":"finished","steps":[],"attachments":[],"parameters":[],"start":1714312455007,"stop":1714312455040}],"attachments":[],"parameters":[],"start":1714312454090,"stop":1714312455041}