{"uuid":"fb1c5cb2-cf92-459d-a31e-98cb390fa0d5","historyId":"f4432a33b79bbe0d9d69c7f6289df53f","fullName":"src/test/resources/features/ManageProgramValidation.feature:17","labels":[{"name":"host","value":"DESKTOP-8BTSRPD"},{"name":"thread","value":"20200@DESKTOP-8BTSRPD.main(1)"},{"name":"feature","value":"ManageProgramValidation"},{"name":"story","value":"Validate the text and pagination icon below the data table"},{"name":"suite","value":"ManageProgramValidation"},{"name":"testClass","value":"Validate the text and pagination icon below the data table"},{"name":"framework","value":"cucumber4jvm"},{"name":"language","value":"java"},{"name":"gherkin_uri","value":"file:///C:/Users/banda/git/Team7_TechTesters_selenium/LMS_seleniumPhase2/src/test/resources/features/ManageProgramValidation.feature"},{"name":"package","value":"src.test.resources.features.ManageProgramValidation_feature.ManageProgramValidation"}],"links":[],"name":"Validate the text and pagination icon below the data table","status":"failed","statusDetails":{"known":false,"muted":false,"flaky":false,"message":"expected [Showing 1 to 5 of 43 entries] but found [Showing 1 to 5 of 11 entries]","trace":"java.lang.AssertionError: expected [Showing 1 to 5 of 43 entries] but found [Showing 1 to 5 of 11 entries]\r\n\tat org.testng.Assert.fail(Assert.java:111)\r\n\tat org.testng.Assert.failNotEquals(Assert.java:1578)\r\n\tat org.testng.Assert.assertEqualsImpl(Assert.java:150)\r\n\tat org.testng.Assert.assertEquals(Assert.java:132)\r\n\tat org.testng.Assert.assertEquals(Assert.java:656)\r\n\tat org.testng.Assert.assertEquals(Assert.java:666)\r\n\tat com.LMS.stepdefenition.ManageProgramValidation_SD.admin_should_see_the_text_as_along_with_pagination_icon_below_the_table(ManageProgramValidation_SD.java:50)\r\n\tat ✽.Admin should see the text as \"Showing x to y of z entries\" along with Pagination icon below the table.(file:///C:/Users/banda/git/Team7_TechTesters_selenium/LMS_seleniumPhase2/src/test/resources/features/ManageProgramValidation.feature:20)\r\n"},"stage":"finished","steps":[{"name":"Given  Admin is on dashboard page after Login","status":"passed","statusDetails":{"known":false,"muted":false,"flaky":false},"stage":"finished","steps":[],"attachments":[],"parameters":[],"start":1714311966038,"stop":1714311967051},{"name":"When  Admin clicks \"Program\" on the navigation bar","status":"passed","statusDetails":{"known":false,"muted":false,"flaky":false},"stage":"finished","steps":[],"attachments":[],"parameters":[],"start":1714311967055,"stop":1714311967265},{"name":"Then  Admin should see the text as \"Showing x to y of z entries\" along with Pagination icon below the table.","status":"failed","statusDetails":{"known":false,"muted":false,"flaky":false,"message":"expected [Showing 1 to 5 of 43 entries] but found [Showing 1 to 5 of 11 entries]","trace":"java.lang.AssertionError: expected [Showing 1 to 5 of 43 entries] but found [Showing 1 to 5 of 11 entries]\r\n\tat org.testng.Assert.fail(Assert.java:111)\r\n\tat org.testng.Assert.failNotEquals(Assert.java:1578)\r\n\tat org.testng.Assert.assertEqualsImpl(Assert.java:150)\r\n\tat org.testng.Assert.assertEquals(Assert.java:132)\r\n\tat org.testng.Assert.assertEquals(Assert.java:656)\r\n\tat org.testng.Assert.assertEquals(Assert.java:666)\r\n\tat com.LMS.stepdefenition.ManageProgramValidation_SD.admin_should_see_the_text_as_along_with_pagination_icon_below_the_table(ManageProgramValidation_SD.java:50)\r\n\tat ✽.Admin should see the text as \"Showing x to y of z entries\" along with Pagination icon below the table.(file:///C:/Users/banda/git/Team7_TechTesters_selenium/LMS_seleniumPhase2/src/test/resources/features/ManageProgramValidation.feature:20)\r\n"},"stage":"finished","steps":[],"attachments":[],"parameters":[],"start":1714311967268,"stop":1714311967382}],"attachments":[],"parameters":[],"start":1714311966038,"stop":1714311967386}